<?xml version="1.0" encoding="UTF-8"?>
<!-- Generated by org.testng.reporters.JUnitXMLReporter -->
<testsuite ignored="0" hostname="Fethiye" failures="0" tests="2" name="Surefire test" time="49.383" errors="0" timestamp="2023-07-22T17:32:58 MESZ">
  <testcase classname="cw.tests.AutomationPracticeForUITesting.TestCase1_RegisterUser" name="test1" time="22.795"/>
  <testcase classname="cw.tests.AutomationPracticeForUITesting.TestCase2_LogInUserWithCorrectEmailAndPassword" name="test2" time="26.504"/>
</testsuite> <!-- Surefire test -->
