<?xml version="1.0" encoding="UTF-8"?>
<testng-results ignored="0" total="2" passed="2" failed="0" skipped="0">
  <reporter-output>
  </reporter-output>
  <suite started-at="2023-07-22T17:32:09 MESZ" name="Surefire suite" finished-at="2023-07-22T17:32:58 MESZ" duration-ms="49383">
    <groups>
    </groups>
    <test started-at="2023-07-22T17:32:09 MESZ" name="Surefire test" finished-at="2023-07-22T17:32:58 MESZ" duration-ms="49383">
      <class name="cw.tests.AutomationPracticeForUITesting.TestCase1_RegisterUser">
        <test-method signature="test1()[pri:0, instance:cw.tests.AutomationPracticeForUITesting.TestCase1_RegisterUser@7357a011]" started-at="2023-07-22T17:32:09 MESZ" name="test1" finished-at="2023-07-22T17:32:32 MESZ" duration-ms="22795" status="PASS">
          <reporter-output>
          </reporter-output>
        </test-method> <!-- test1 -->
      </class> <!-- cw.tests.AutomationPracticeForUITesting.TestCase1_RegisterUser -->
      <class name="cw.tests.AutomationPracticeForUITesting.TestCase2_LogInUserWithCorrectEmailAndPassword">
        <test-method signature="test2()[pri:0, instance:cw.tests.AutomationPracticeForUITesting.TestCase2_LogInUserWithCorrectEmailAndPassword@1672fe87]" started-at="2023-07-22T17:32:32 MESZ" name="test2" finished-at="2023-07-22T17:32:58 MESZ" duration-ms="26504" status="PASS">
          <reporter-output>
          </reporter-output>
        </test-method> <!-- test2 -->
      </class> <!-- cw.tests.AutomationPracticeForUITesting.TestCase2_LogInUserWithCorrectEmailAndPassword -->
    </test> <!-- Surefire test -->
  </suite> <!-- Surefire suite -->
</testng-results>
